<?xml version="1.0" encoding="UTF-8"?>
<!-- Generated by org.testng.reporters.JUnitXMLReporter -->
<testsuite hostname="WIN-JP122Q4MUMK" ignored="0" name="Orange App Test Cases" tests="3" failures="0" timestamp="2021-12-14T17:05:55 IST" time="74.995" errors="0">
  <testcase name="validateAddCandidateTest" time="5.283" classname="com.pack.testLayer.AddCandidateTest"/>
  <testcase name="searchTest" time="1.205" classname="com.pack.testLayer.CandidateTest"/>
  <testcase name="deleteCandidateTest" time="5.784" classname="com.pack.testLayer.CandidateTest"/>
</testsuite> <!-- Orange App Test Cases -->
